#
# An unexpected error has been detected by Java Runtime Environment:
#
#  EXCEPTION_ACCESS_VIOLATION (0xc0000005) at pc=0x00000000, pid=2404, tid=1528
#
# Java VM: Java HotSpot(TM) Client VM (11.3-b02 mixed mode, sharing windows-x86)
# Problematic frame:
# C  0x00000000
#
# If you would like to submit a bug report, please visit:
#   http://java.sun.com/webapps/bugreport/crash.jsp
# The crash happened outside the Java Virtual Machine in native code.
# See problematic frame for where to report the bug.
#

---------------  T H R E A D  ---------------

Current thread (0x00976800):  JavaThread "main" [_thread_in_native, id=1528, stack(0x00a10000,0x00a60000)]

siginfo: ExceptionCode=0xc0000005, reading address 0x00000000

Registers:
EAX=0x00000000, EBX=0x2b1e7400, ECX=0x7c91005d, EDX=0x00230608
ESP=0x00a5f2ec, EBP=0x00a5f328, ESI=0x009764b0, EDI=0x00976800
EIP=0x00000000, EFLAGS=0x00010246

Top of Stack: (sp=0x00a5f2ec)
0x00a5f2ec:   6d339122 009764b0 00000000 00a5f300
0x00a5f2fc:   2a9c7638 00976800 6d8c59f5 00976800
0x00a5f30c:   00000006 00000008 00976800 2a9c7638
0x00a5f31c:   2b1e7400 012b9bf3 00000000 00a5f360
0x00a5f32c:   012b9cf1 00976914 00a5f374 00a5f370
0x00a5f33c:   009773c8 00a5f340 2a9c7638 00a5f374
0x00a5f34c:   2b1e7108 00000000 2b1e7400 00000000
0x00a5f35c:   00a5f370 00a5f398 012b2ec5 00000000 

Instructions: (pc=0x00000000)
0xfffffff0:   


Stack: [0x00a10000,0x00a60000],  sp=0x00a5f2ec,  free space=316k
Java frames: (J=compiled Java code, j=interpreted, Vv=VM code)
j  java.io.WinNTFileSystem.getBooleanAttributes(Ljava/io/File;)I+0
j  java.io.File.exists()Z+20
j  sun.jkernel.DownloadManager$2.run()Ljava/lang/Object;+38
v  ~StubRoutines::call_stub
j  java.security.AccessController.doPrivileged(Ljava/security/PrivilegedAction;)Ljava/lang/Object;+0
j  sun.jkernel.DownloadManager.<clinit>()V+204
v  ~StubRoutines::call_stub
j  java.lang.ClassLoader.loadLibrary(Ljava/lang/Class;Ljava/lang/String;Z)V+0
j  java.lang.Runtime.loadLibrary0(Ljava/lang/Class;Ljava/lang/String;)V+54
j  java.lang.System.loadLibrary(Ljava/lang/String;)V+7
j  java.lang.System.initializeSystemClass()V+22
v  ~StubRoutines::call_stub

---------------  P R O C E S S  ---------------

Java Threads: ( => current thread )
  0x00dc3800 JavaThread "Finalizer" daemon [_thread_blocked, id=832, stack(0x00fe0000,0x01030000)]
  0x00dbf000 JavaThread "Reference Handler" daemon [_thread_blocked, id=3444, stack(0x00f80000,0x00fd0000)]
=>0x00976800 JavaThread "main" [_thread_in_native, id=1528, stack(0x00a10000,0x00a60000)]

Other Threads:
  0x00dbd400 VMThread [stack: 0x00f10000,0x00f60000] [id=3044]

VM state:not at safepoint (normal execution)

VM Mutex/Monitor currently owned by a thread: None

Heap
 def new generation   total 960K, used 53K [0x22990000, 0x22a90000, 0x22e70000)
  eden space 896K,   6% used [0x22990000, 0x2299d770, 0x22a70000)
  from space 64K,   0% used [0x22a70000, 0x22a70000, 0x22a80000)
  to   space 64K,   0% used [0x22a80000, 0x22a80000, 0x22a90000)
 tenured generation   total 4096K, used 0K [0x22e70000, 0x23270000, 0x26990000)
   the space 4096K,   0% used [0x22e70000, 0x22e70000, 0x22e70200, 0x23270000)
 compacting perm gen  total 12288K, used 17K [0x26990000, 0x27590000, 0x2a990000)
   the space 12288K,   0% used [0x26990000, 0x26994638, 0x26994800, 0x27590000)
    ro space 8192K,  63% used [0x2a990000, 0x2aea8810, 0x2aea8a00, 0x2b190000)
    rw space 12288K,  53% used [0x2b190000, 0x2b7fd300, 0x2b7fd400, 0x2bd90000)

Dynamic libraries:
0x00400000 - 0x00424000 	C:\Program Files\Java\jre6\bin\javaw.exe
0x7c900000 - 0x7c9b2000 	C:\WINDOWS\system32\ntdll.dll
0x7c800000 - 0x7c8f6000 	C:\WINDOWS\system32\kernel32.dll
0x77dd0000 - 0x77e6b000 	C:\WINDOWS\system32\ADVAPI32.dll
0x77e70000 - 0x77f02000 	C:\WINDOWS\system32\RPCRT4.dll
0x77fe0000 - 0x77ff1000 	C:\WINDOWS\system32\Secur32.dll
0x7e410000 - 0x7e4a1000 	C:\WINDOWS\system32\USER32.dll
0x77f10000 - 0x77f59000 	C:\WINDOWS\system32\GDI32.dll
0x76390000 - 0x763ad000 	C:\WINDOWS\system32\IMM32.DLL
0x7c340000 - 0x7c396000 	C:\Program Files\Java\jre6\bin\msvcr71.dll
0x6d800000 - 0x6da56000 	C:\Program Files\Java\jre6\bin\client\jvm.dll
0x76b40000 - 0x76b6d000 	C:\WINDOWS\system32\WINMM.dll
0x77a80000 - 0x77b15000 	C:\WINDOWS\system32\CRYPT32.dll
0x77b20000 - 0x77b32000 	C:\WINDOWS\system32\MSASN1.dll
0x77c10000 - 0x77c68000 	C:\WINDOWS\system32\msvcrt.dll
0x76d60000 - 0x76d79000 	C:\WINDOWS\system32\IPHLPAPI.DLL
0x71ab0000 - 0x71ac7000 	C:\WINDOWS\system32\WS2_32.dll
0x71aa0000 - 0x71aa8000 	C:\WINDOWS\system32\WS2HELP.dll
0x774e0000 - 0x7761d000 	C:\WINDOWS\system32\ole32.dll
0x76bf0000 - 0x76bfb000 	C:\WINDOWS\system32\PSAPI.DLL
0x7c9c0000 - 0x7d1d7000 	C:\WINDOWS\system32\SHELL32.dll
0x77f60000 - 0x77fd6000 	C:\WINDOWS\system32\SHLWAPI.dll
0x773d0000 - 0x774d3000 	C:\WINDOWS\WinSxS\x86_Microsoft.Windows.Common-Controls_6595b64144ccf1df_6.0.2600.5512_x-ww_35d4ce83\comctl32.dll
0x78130000 - 0x78263000 	C:\WINDOWS\system32\urlmon.dll
0x77120000 - 0x771ab000 	C:\WINDOWS\system32\OLEAUT32.dll
0x3dfd0000 - 0x3e1b8000 	C:\WINDOWS\system32\iertutil.dll
0x3d930000 - 0x3da16000 	C:\WINDOWS\system32\WININET.dll
0x00ac0000 - 0x00ac9000 	C:\WINDOWS\system32\Normaliz.dll
0x6d290000 - 0x6d298000 	C:\Program Files\Java\jre6\bin\hpi.dll
0x6d7b0000 - 0x6d7bc000 	C:\Program Files\Java\jre6\bin\verify.dll
0x6d330000 - 0x6d34f000 	C:\Program Files\Java\jre6\bin\java.dll
0x6d7f0000 - 0x6d7ff000 	C:\Program Files\Java\jre6\bin\zip.dll

VM Arguments:
jvm_args: -Dfile.encoding=Cp1251 
java_command: JPanelExample
Launcher Type: SUN_STANDARD

Environment Variables:
PATH=C:/Program Files/Java/jre6/bin/client;C:/Program Files/Java/jre6/bin;C:/Program Files/Java/jre6/lib/i386;C:\WINDOWS\system32;C:\WINDOWS;C:\WINDOWS\System32\Wbem
USERNAME=dido
OS=Windows_NT
PROCESSOR_IDENTIFIER=x86 Family 6 Model 22 Stepping 1, GenuineIntel



---------------  S Y S T E M  ---------------

OS: Windows XP Build 2600 Service Pack 3

CPU:total 1 (1 cores per cpu, 1 threads per core) family 6 model 6 stepping 1, cmov, cx8, fxsr, mmx, sse, sse2, sse3, ssse3

Memory: 4k page, physical 1039600k(290560k free), swap 2504704k(1782084k free)

vm_info: Java HotSpot(TM) Client VM (11.3-b02) for windows-x86 JRE (1.6.0_13-b03), built on Mar  9 2009 01:15:24 by "java_re" with MS VC++ 7.1

time: Sun Nov 28 12:21:30 2010
elapsed time: 1 seconds

